[1618494371245][Cargorocket-APP-Key] /route?from=[48.776167,9.177383]&to=[48.686078,9.19154]&access_token=asdasd&format=mapbox&key=QxxyBxRRNAyRfX2WXBXsuP6t[1618494461200][Cargorocket-APP-Key] /route?from=[48.776167,9.177383]&to=[48.686078,9.19154]&access_token=asdasd&format=mapbox&key=QxxyBxRRNAyRfX2WXBXsuP6t
[1618494473715][Cargorocket-APP-Key] /route?from=[98.776167,9.177383]&to=[48.686078,9.19154]&access_token=asdasd&format=mapbox&key=QxxyBxRRNAyRfX2WXBXsuP6t
[1618494502815][Cargorocket-APP-Key] /route?from=[98.776167,9.177383]&to=[48.686078,9.19154]&access_token=asdasd&format=mapbox&key=QxxyBxRRNAyRfX2WXBXsuP6t
[1618494527536][Cargorocket-APP-Key] /route?from=[98.776167,9.177383]&to=[48.686078,9.19154]&access_token=asdasd&format=mapbox&key=QxxyBxRRNAyRfX2WXBXsuP6t
[1620229126307][Cargorocket-SPARE-Key] /mail?key=n5oRiPZ2YaiTPfefUt5hVTdm
[1620229131449][Cargorocket-SPARE-Key] /mail?key=n5oRiPZ2YaiTPfefUt5hVTdm
[1620229248023][Cargorocket-SPARE-Key] /mail?key=n5oRiPZ2YaiTPfefUt5hVTdm
[1620229304696][Cargorocket-SPARE-Key] /mail?key=n5oRiPZ2YaiTPfefUt5hVTdm
[1620229345329][Cargorocket-SPARE-Key] /mail?key=n5oRiPZ2YaiTPfefUt5hVTdm
[1620229381202][Cargorocket-SPARE-Key] /mail?key=n5oRiPZ2YaiTPfefUt5hVTdm
[1620229382451][Cargorocket-SPARE-Key] /mail?key=n5oRiPZ2YaiTPfefUt5hVTdm
[1620229502621][Cargorocket-SPARE-Key] /mail?key=n5oRiPZ2YaiTPfefUt5hVTdm
[1620229541685][Cargorocket-SPARE-Key] /mail?key=n5oRiPZ2YaiTPfefUt5hVTdm
[1620229575186][Cargorocket-SPARE-Key] /mail?key=n5oRiPZ2YaiTPfefUt5hVTdm
[1620229608797][Cargorocket-SPARE-Key] /mail?key=n5oRiPZ2YaiTPfefUt5hVTdm
[1620229630822][Cargorocket-SPARE-Key] /mail?key=n5oRiPZ2YaiTPfefUt5hVTdm
[1620229712968][Cargorocket-SPARE-Key] /mail?key=n5oRiPZ2YaiTPfefUt5hVTdm
[1620229742668][Cargorocket-SPARE-Key] /mail?key=n5oRiPZ2YaiTPfefUt5hVTdm
[1620812084696][Cargorocket-APP-Key] /route?from=[48.776167,9.177383]&to=[48.686078,9.19154]&access_token=asdasd&key=QxxyBxRRNAyRfX2WXBXsuP6t&format=mapbox&lang=de
[1620812114244][Cargorocket-APP-Key] /route?from=[48.776167,9.177383]&to=[48.686078,9.19154]&access_token=asdasd&key=QxxyBxRRNAyRfX2WXBXsuP6t&format=mapbox&lang=de
[1620812152528][Cargorocket-APP-Key] /route?from=[48.776167,9.177383]&to=[48.686078,9.19154]&access_token=asdasd&key=QxxyBxRRNAyRfX2WXBXsuP6t&format=mapbox&lang=de
[1620812174368][Cargorocket-APP-Key] /route?from=[48.776167,9.177383]&to=[48.686078,9.19154]&access_token=asdasd&key=QxxyBxRRNAyRfX2WXBXsuP6t&format=mapbox&lang=de
[1620896039840][Cargorocket-SPARE-Key] /info?key=n5oRiPZ2YaiTPfefUt5hVTdm
[1620896065177][Cargorocket-SPARE-Key] /v1/info?key=n5oRiPZ2YaiTPfefUt5hVTdm
[1620896097533][Cargorocket-SPARE-Key] /v1/info?key=n5oRiPZ2YaiTPfefUt5hVTdm
[1620896153466][Cargorocket-SPARE-Key] /v1/info?key=n5oRiPZ2YaiTPfefUt5hVTdm
[1620896217806][Cargorocket-SPARE-Key] /v1/info?key=n5oRiPZ2YaiTPfefUt5hVTdm
[1620896288670][Cargorocket-SPARE-Key] /v1/info?key=n5oRiPZ2YaiTPfefUt5hVTdm
[1620896306416][Cargorocket-APP-Key] /v1/route?from=[48.776167,9.177383]&to=[48.686078,9.19154]&access_token=asdasd&key=QxxyBxRRNAyRfX2WXBXsuP6t&format=mapbox&lang=de
[1620896356912][Cargorocket-APP-Key] /v1/route?from=[48.776167,9.177383]&to=[48.686078,9.19154]&access_token=asdasd&key=QxxyBxRRNAyRfX2WXBXsuP6t&format=mapbox&lang=de
[1620896371697][Cargorocket-APP-Key] /v1/route?from=[48.776167,9.177383]&to=[48.686078,9.19154]&access_token=asdasd&key=QxxyBxRRNAyRfX2WXBXsuP6t&format=mapbox&lang=de
[1620898632834][Cargorocket-APP-Key] /v1/route?from=[48.776167,9.177383]&to=[48.686078,9.19154]&access_token=asdasd&key=QxxyBxRRNAyRfX2WXBXsuP6t&format=mapbox&lang=de
[1620898640997][Cargorocket-APP-Key] /v1/routes?from=[48.776167,9.177383]&to=[48.686078,9.19154]&access_token=asdasd&key=QxxyBxRRNAyRfX2WXBXsuP6t&format=mapbox&lang=de
[1620898688499][Cargorocket-APP-Key] /v1/routes?from=[48.776167,9.177383]&to=[48.686078,9.19154]&access_token=asdasd&key=QxxyBxRRNAyRfX2WXBXsuP6t&format=mapbox&lang=de
[1620898887513][Cargorocket-APP-Key] /v1/routes?from=[48.776167,9.177383]&to=[48.686078,9.19154]&access_token=asdasd&key=QxxyBxRRNAyRfX2WXBXsuP6t&format=mapbox&lang=de
[1620898922232][Cargorocket-APP-Key] /v1/routes?from=[48.776167,9.177383]&to=[48.686078,9.19154]&access_token=asdasd&key=QxxyBxRRNAyRfX2WXBXsuP6t&format=mapbox&lang=de
[1621417959514][Cargorocket-SPARE-Key] /v1/finish?from=[48.31392591,10.90606022]&to=[48.31346036470157,10.905635741499935]&key=n5oRiPZ2YaiTPfefUt5hVTdm&time=234234
[1621417989599][Cargorocket-SPARE-Key] /v1/info?key=n5oRiPZ2YaiTPfefUt5hVTdm&time=234234
